# JRE version: Java(TM) SE Runtime Environment (17.0.9+11) (build 17.0.9+11-LTS-201)
# Java VM: Java HotSpot(TM) 64-Bit Server VM (17.0.9+11-LTS-201, mixed mode, sharing, tiered, compressed oops, compressed class ptrs, g1 gc, windows-amd64)
GC Precious Log:
 CPUs: 12 total, 12 available
 Memory: 16173M
 Large Page Support: Disabled
 NUMA Support: Disabled
 Compressed Oops: Enabled (Zero based)
 Heap Region Size: 2M
 Heap Min Capacity: 8M
 Heap Initial Capacity: 254M
 Heap Max Capacity: 4044M
 Pre-touch: Disabled
 Parallel Workers: 10
 Concurrent Workers: 3
 Concurrent Refinement Workers: 10
 Periodic GC: Disabled
Heap:
 garbage-first heap   total 342016K, used 78910K [0x0000000703400000, 0x0000000800000000)
  region size 2048K, 4 young (8192K), 1 survivors (2048K)
 Metaspace       used 67567K, committed 68096K, reserved 1114112K
  class space    used 8664K, committed 8896K, reserved 1048576K
GC Heap History (20 events):
Event: 3.793 GC heap before
{Heap before GC invocations=13 (full 0):
 garbage-first heap   total 83968K, used 62364K [0x0000000703400000, 0x0000000800000000)
  region size 2048K, 18 young (36864K), 2 survivors (4096K)
 Metaspace       used 49153K, committed 49600K, reserved 1114112K
  class space    used 6190K, committed 6400K, reserved 1048576K
}
Event: 3.801 GC heap after
{Heap after GC invocations=14 (full 0):
 garbage-first heap   total 149504K, used 34882K [0x0000000703400000, 0x0000000800000000)
  region size 2048K, 3 young (6144K), 3 survivors (6144K)
 Metaspace       used 49153K, committed 49600K, reserved 1114112K
  class space    used 6190K, committed 6400K, reserved 1048576K
}
Event: 3.985 GC heap before
{Heap before GC invocations=14 (full 0):
 garbage-first heap   total 149504K, used 112706K [0x0000000703400000, 0x0000000800000000)
  region size 2048K, 42 young (86016K), 3 survivors (6144K)
 Metaspace       used 49396K, committed 49856K, reserved 1114112K
  class space    used 6203K, committed 6464K, reserved 1048576K
}
Event: 4.001 GC heap after
{Heap after GC invocations=15 (full 0):
 garbage-first heap   total 149504K, used 50000K [0x0000000703400000, 0x0000000800000000)
  region size 2048K, 6 young (12288K), 6 survivors (12288K)
 Metaspace       used 49396K, committed 49856K, reserved 1114112K
  class space    used 6203K, committed 6464K, reserved 1048576K
}
Event: 4.148 GC heap before
{Heap before GC invocations=15 (full 0):
 garbage-first heap   total 149504K, used 101200K [0x0000000703400000, 0x0000000800000000)
  region size 2048K, 32 young (65536K), 6 survivors (12288K)
 Metaspace       used 49527K, committed 49984K, reserved 1114112K
  class space    used 6205K, committed 6464K, reserved 1048576K
}
Event: 4.163 GC heap after
{Heap after GC invocations=16 (full 0):
 garbage-first heap   total 149504K, used 59834K [0x0000000703400000, 0x0000000800000000)
  region size 2048K, 4 young (8192K), 4 survivors (8192K)
 Metaspace       used 49527K, committed 49984K, reserved 1114112K
  class space    used 6205K, committed 6464K, reserved 1048576K
}
Event: 4.298 GC heap before
{Heap before GC invocations=16 (full 0):
 garbage-first heap   total 149504K, used 106938K [0x0000000703400000, 0x0000000800000000)
  region size 2048K, 27 young (55296K), 4 survivors (8192K)
 Metaspace       used 49607K, committed 50112K, reserved 1114112K
  class space    used 6205K, committed 6464K, reserved 1048576K
}
Event: 4.309 GC heap after
{Heap after GC invocations=17 (full 0):
 garbage-first heap   total 149504K, used 71524K [0x0000000703400000, 0x0000000800000000)
  region size 2048K, 4 young (8192K), 4 survivors (8192K)
 Metaspace       used 49607K, committed 50112K, reserved 1114112K
  class space    used 6205K, committed 6464K, reserved 1048576K
}
Event: 4.339 GC heap before
{Heap before GC invocations=17 (full 0):
 garbage-first heap   total 149504K, used 106340K [0x0000000703400000, 0x0000000800000000)
  region size 2048K, 22 young (45056K), 4 survivors (8192K)
 Metaspace       used 49622K, committed 50112K, reserved 1114112K
  class space    used 6205K, committed 6464K, reserved 1048576K
}
Event: 4.347 GC heap after
{Heap after GC invocations=18 (full 0):
 garbage-first heap   total 274432K, used 80438K [0x0000000703400000, 0x0000000800000000)
  region size 2048K, 3 young (6144K), 3 survivors (6144K)
 Metaspace       used 49622K, committed 50112K, reserved 1114112K
  class space    used 6205K, committed 6464K, reserved 1048576K
}
Event: 4.478 GC heap before
{Heap before GC invocations=18 (full 0):
 garbage-first heap   total 274432K, used 184886K [0x0000000703400000, 0x0000000800000000)
  region size 2048K, 55 young (112640K), 3 survivors (6144K)
 Metaspace       used 49671K, committed 50176K, reserved 1114112K
  class space    used 6207K, committed 6464K, reserved 1048576K
}
Event: 4.492 GC heap after
{Heap after GC invocations=19 (full 0):
 garbage-first heap   total 274432K, used 103726K [0x0000000703400000, 0x0000000800000000)
  region size 2048K, 7 young (14336K), 7 survivors (14336K)
 Metaspace       used 49671K, committed 50176K, reserved 1114112K
  class space    used 6207K, committed 6464K, reserved 1048576K
}
Event: 5.398 GC heap before
{Heap before GC invocations=19 (full 0):
 garbage-first heap   total 274432K, used 187694K [0x0000000703400000, 0x0000000800000000)
  region size 2048K, 48 young (98304K), 7 survivors (14336K)
 Metaspace       used 57211K, committed 57600K, reserved 1114112K
  class space    used 7430K, committed 7616K, reserved 1048576K
}
Event: 5.408 GC heap after
{Heap after GC invocations=20 (full 0):
 garbage-first heap   total 274432K, used 116999K [0x0000000703400000, 0x0000000800000000)
  region size 2048K, 6 young (12288K), 6 survivors (12288K)
 Metaspace       used 57211K, committed 57600K, reserved 1114112K
  class space    used 7430K, committed 7616K, reserved 1048576K
}
Event: 5.683 GC heap before
{Heap before GC invocations=20 (full 0):
 garbage-first heap   total 274432K, used 137479K [0x0000000703400000, 0x0000000800000000)
  region size 2048K, 18 young (36864K), 6 survivors (12288K)
 Metaspace       used 59795K, committed 60288K, reserved 1114112K
  class space    used 7792K, committed 8064K, reserved 1048576K
}
Event: 5.689 GC heap after
{Heap after GC invocations=21 (full 0):
 garbage-first heap   total 274432K, used 121084K [0x0000000703400000, 0x0000000800000000)
  region size 2048K, 2 young (4096K), 2 survivors (4096K)
 Metaspace       used 59795K, committed 60288K, reserved 1114112K
  class space    used 7792K, committed 8064K, reserved 1048576K
}
Event: 6.684 GC heap before
{Heap before GC invocations=22 (full 0):
 garbage-first heap   total 342016K, used 301308K [0x0000000703400000, 0x0000000800000000)
  region size 2048K, 27 young (55296K), 2 survivors (4096K)
 Metaspace       used 66933K, committed 67456K, reserved 1114112K
  class space    used 8603K, committed 8832K, reserved 1048576K
}
Event: 6.687 GC heap after
{Heap after GC invocations=23 (full 0):
 garbage-first heap   total 342016K, used 174590K [0x0000000703400000, 0x0000000800000000)
  region size 2048K, 3 young (6144K), 3 survivors (6144K)
 Metaspace       used 66933K, committed 67456K, reserved 1114112K
  class space    used 8603K, committed 8832K, reserved 1048576K
}
Event: 3548.606 GC heap before
{Heap before GC invocations=23 (full 0):
 garbage-first heap   total 342016K, used 223742K [0x0000000703400000, 0x0000000800000000)
  region size 2048K, 8 young (16384K), 3 survivors (6144K)
 Metaspace       used 67298K, committed 67840K, reserved 1114112K
  class space    used 8635K, committed 8896K, reserved 1048576K
}
Event: 3548.620 GC heap after
{Heap after GC invocations=24 (full 0):
 garbage-first heap   total 342016K, used 74814K [0x0000000703400000, 0x0000000800000000)
  region size 2048K, 1 young (2048K), 1 survivors (2048K)
 Metaspace       used 67298K, committed 67840K, reserved 1114112K
  class space    used 8635K, committed 8896K, reserved 1048576K
}

